The system is: Linux - 3.6.11+ - armv6l
Compiling the C compiler identification source file "CMakeCCompilerId.c" succeeded.
Compiler: /usr/bin/gcc 
Build flags: 
Id flags: 

The output was:
0


Compilation of the C compiler identification source "CMakeCCompilerId.c" produced "a.out"

The C compiler identification is GNU, found in "/home/pi/hackweek_10/trackbot-0.1/CMakeFiles/CompilerIdC/a.out"

Compiling the CXX compiler identification source file "CMakeCXXCompilerId.cpp" succeeded.
Compiler: /usr/bin/c++ 
Build flags: 
Id flags: 

The output was:
0


Compilation of the CXX compiler identification source "CMakeCXXCompilerId.cpp" produced "a.out"

The CXX compiler identification is GNU, found in "/home/pi/hackweek_10/trackbot-0.1/CMakeFiles/CompilerIdCXX/a.out"

Determining if the C compiler works passed with the following output:
Change Dir: /home/pi/hackweek_10/trackbot-0.1/CMakeFiles/CMakeTmp

Run Build Command:/usr/bin/make "cmTryCompileExec3099902798/fast"
/usr/bin/make -f CMakeFiles/cmTryCompileExec3099902798.dir/build.make CMakeFiles/cmTryCompileExec3099902798.dir/build
make[1]: Entering directory `/home/pi/hackweek_10/trackbot-0.1/CMakeFiles/CMakeTmp'
/usr/bin/cmake -E cmake_progress_report /home/pi/hackweek_10/trackbot-0.1/CMakeFiles/CMakeTmp/CMakeFiles 1
Building C object CMakeFiles/cmTryCompileExec3099902798.dir/testCCompiler.c.o
/usr/bin/gcc    -o CMakeFiles/cmTryCompileExec3099902798.dir/testCCompiler.c.o   -c /home/pi/hackweek_10/trackbot-0.1/CMakeFiles/CMakeTmp/testCCompiler.c
Linking C executable cmTryCompileExec3099902798
/usr/bin/cmake -E cmake_link_script CMakeFiles/cmTryCompileExec3099902798.dir/link.txt --verbose=1
/usr/bin/gcc         CMakeFiles/cmTryCompileExec3099902798.dir/testCCompiler.c.o  -o cmTryCompileExec3099902798 -rdynamic 
make[1]: Leaving directory `/home/pi/hackweek_10/trackbot-0.1/CMakeFiles/CMakeTmp'


Detecting C compiler ABI info compiled with the following output:
Change Dir: /home/pi/hackweek_10/trackbot-0.1/CMakeFiles/CMakeTmp

Run Build Command:/usr/bin/make "cmTryCompileExec3758082516/fast"
/usr/bin/make -f CMakeFiles/cmTryCompileExec3758082516.dir/build.make CMakeFiles/cmTryCompileExec3758082516.dir/build
make[1]: Entering directory `/home/pi/hackweek_10/trackbot-0.1/CMakeFiles/CMakeTmp'
/usr/bin/cmake -E cmake_progress_report /home/pi/hackweek_10/trackbot-0.1/CMakeFiles/CMakeTmp/CMakeFiles 1
Building C object CMakeFiles/cmTryCompileExec3758082516.dir/CMakeCCompilerABI.c.o
/usr/bin/gcc    -o CMakeFiles/cmTryCompileExec3758082516.dir/CMakeCCompilerABI.c.o   -c /usr/share/cmake-2.8/Modules/CMakeCCompilerABI.c
Linking C executable cmTryCompileExec3758082516
/usr/bin/cmake -E cmake_link_script CMakeFiles/cmTryCompileExec3758082516.dir/link.txt --verbose=1
/usr/bin/gcc       -v CMakeFiles/cmTryCompileExec3758082516.dir/CMakeCCompilerABI.c.o  -o cmTryCompileExec3758082516 -rdynamic  
Using built-in specs.
COLLECT_GCC=/usr/bin/gcc
COLLECT_LTO_WRAPPER=/usr/lib/gcc/arm-linux-gnueabihf/4.6/lto-wrapper
Target: arm-linux-gnueabihf
Configured with: ../src/configure -v --with-pkgversion='Debian 4.6.3-14+rpi1' --with-bugurl=file:///usr/share/doc/gcc-4.6/README.Bugs --enable-languages=c,c++,fortran,objc,obj-c++ --prefix=/usr --program-suffix=-4.6 --enable-shared --enable-linker-build-id --with-system-zlib --libexecdir=/usr/lib --without-included-gettext --enable-threads=posix --with-gxx-include-dir=/usr/include/c++/4.6 --libdir=/usr/lib --enable-nls --with-sysroot=/ --enable-clocale=gnu --enable-libstdcxx-debug --enable-libstdcxx-time=yes --enable-gnu-unique-object --enable-plugin --enable-objc-gc --disable-sjlj-exceptions --with-arch=armv6 --with-fpu=vfp --with-float=hard --enable-checking=release --build=arm-linux-gnueabihf --host=arm-linux-gnueabihf --target=arm-linux-gnueabihf
Thread model: posix
gcc version 4.6.3 (Debian 4.6.3-14+rpi1) 
COMPILER_PATH=/usr/lib/gcc/arm-linux-gnueabihf/4.6/:/usr/lib/gcc/arm-linux-gnueabihf/4.6/:/usr/lib/gcc/arm-linux-gnueabihf/:/usr/lib/gcc/arm-linux-gnueabihf/4.6/:/usr/lib/gcc/arm-linux-gnueabihf/
LIBRARY_PATH=/usr/lib/gcc/arm-linux-gnueabihf/4.6/:/usr/lib/gcc/arm-linux-gnueabihf/4.6/../../../arm-linux-gnueabihf/:/usr/lib/gcc/arm-linux-gnueabihf/4.6/../../../:/lib/arm-linux-gnueabihf/:/lib/:/usr/lib/arm-linux-gnueabihf/:/usr/lib/
COLLECT_GCC_OPTIONS='-v' '-o' 'cmTryCompileExec3758082516' '-rdynamic' '-march=armv6' '-mfloat-abi=hard' '-mfpu=vfp'
 /usr/lib/gcc/arm-linux-gnueabihf/4.6/collect2 --sysroot=/ --build-id --no-add-needed --eh-frame-hdr -export-dynamic -dynamic-linker /lib/ld-linux-armhf.so.3 -X --hash-style=both -m armelf_linux_eabi -o cmTryCompileExec3758082516 /usr/lib/gcc/arm-linux-gnueabihf/4.6/../../../arm-linux-gnueabihf/crt1.o /usr/lib/gcc/arm-linux-gnueabihf/4.6/../../../arm-linux-gnueabihf/crti.o /usr/lib/gcc/arm-linux-gnueabihf/4.6/crtbegin.o -L/usr/lib/gcc/arm-linux-gnueabihf/4.6 -L/usr/lib/gcc/arm-linux-gnueabihf/4.6/../../../arm-linux-gnueabihf -L/usr/lib/gcc/arm-linux-gnueabihf/4.6/../../.. -L/lib/arm-linux-gnueabihf -L/usr/lib/arm-linux-gnueabihf CMakeFiles/cmTryCompileExec3758082516.dir/CMakeCCompilerABI.c.o -lgcc --as-needed -lgcc_s --no-as-needed -lc -lgcc --as-needed -lgcc_s --no-as-needed /usr/lib/gcc/arm-linux-gnueabihf/4.6/crtend.o /usr/lib/gcc/arm-linux-gnueabihf/4.6/../../../arm-linux-gnueabihf/crtn.o
make[1]: Leaving directory `/home/pi/hackweek_10/trackbot-0.1/CMakeFiles/CMakeTmp'


Parsed C implicit link information from above output:
  link line regex: [^( *|.*[/\])(ld|ld|collect2)[^/\]*( |$)]
  ignore line: [Change Dir: /home/pi/hackweek_10/trackbot-0.1/CMakeFiles/CMakeTmp]
  ignore line: []
  ignore line: [Run Build Command:/usr/bin/make "cmTryCompileExec3758082516/fast"]
  ignore line: [/usr/bin/make -f CMakeFiles/cmTryCompileExec3758082516.dir/build.make CMakeFiles/cmTryCompileExec3758082516.dir/build]
  ignore line: [make[1]: Entering directory `/home/pi/hackweek_10/trackbot-0.1/CMakeFiles/CMakeTmp']
  ignore line: [/usr/bin/cmake -E cmake_progress_report /home/pi/hackweek_10/trackbot-0.1/CMakeFiles/CMakeTmp/CMakeFiles 1]
  ignore line: [Building C object CMakeFiles/cmTryCompileExec3758082516.dir/CMakeCCompilerABI.c.o]
  ignore line: [/usr/bin/gcc    -o CMakeFiles/cmTryCompileExec3758082516.dir/CMakeCCompilerABI.c.o   -c /usr/share/cmake-2.8/Modules/CMakeCCompilerABI.c]
  ignore line: [Linking C executable cmTryCompileExec3758082516]
  ignore line: [/usr/bin/cmake -E cmake_link_script CMakeFiles/cmTryCompileExec3758082516.dir/link.txt --verbose=1]
  ignore line: [/usr/bin/gcc       -v CMakeFiles/cmTryCompileExec3758082516.dir/CMakeCCompilerABI.c.o  -o cmTryCompileExec3758082516 -rdynamic  ]
  ignore line: [Using built-in specs.]
  ignore line: [COLLECT_GCC=/usr/bin/gcc]
  ignore line: [COLLECT_LTO_WRAPPER=/usr/lib/gcc/arm-linux-gnueabihf/4.6/lto-wrapper]
  ignore line: [Target: arm-linux-gnueabihf]
  ignore line: [Configured with: ../src/configure -v --with-pkgversion='Debian 4.6.3-14+rpi1' --with-bugurl=file:///usr/share/doc/gcc-4.6/README.Bugs --enable-languages=c,c++,fortran,objc,obj-c++ --prefix=/usr --program-suffix=-4.6 --enable-shared --enable-linker-build-id --with-system-zlib --libexecdir=/usr/lib --without-included-gettext --enable-threads=posix --with-gxx-include-dir=/usr/include/c++/4.6 --libdir=/usr/lib --enable-nls --with-sysroot=/ --enable-clocale=gnu --enable-libstdcxx-debug --enable-libstdcxx-time=yes --enable-gnu-unique-object --enable-plugin --enable-objc-gc --disable-sjlj-exceptions --with-arch=armv6 --with-fpu=vfp --with-float=hard --enable-checking=release --build=arm-linux-gnueabihf --host=arm-linux-gnueabihf --target=arm-linux-gnueabihf]
  ignore line: [Thread model: posix]
  ignore line: [gcc version 4.6.3 (Debian 4.6.3-14+rpi1) ]
  ignore line: [COMPILER_PATH=/usr/lib/gcc/arm-linux-gnueabihf/4.6/:/usr/lib/gcc/arm-linux-gnueabihf/4.6/:/usr/lib/gcc/arm-linux-gnueabihf/:/usr/lib/gcc/arm-linux-gnueabihf/4.6/:/usr/lib/gcc/arm-linux-gnueabihf/]
  ignore line: [LIBRARY_PATH=/usr/lib/gcc/arm-linux-gnueabihf/4.6/:/usr/lib/gcc/arm-linux-gnueabihf/4.6/../../../arm-linux-gnueabihf/:/usr/lib/gcc/arm-linux-gnueabihf/4.6/../../../:/lib/arm-linux-gnueabihf/:/lib/:/usr/lib/arm-linux-gnueabihf/:/usr/lib/]
  ignore line: [COLLECT_GCC_OPTIONS='-v' '-o' 'cmTryCompileExec3758082516' '-rdynamic' '-march=armv6' '-mfloat-abi=hard' '-mfpu=vfp']
  link line: [ /usr/lib/gcc/arm-linux-gnueabihf/4.6/collect2 --sysroot=/ --build-id --no-add-needed --eh-frame-hdr -export-dynamic -dynamic-linker /lib/ld-linux-armhf.so.3 -X --hash-style=both -m armelf_linux_eabi -o cmTryCompileExec3758082516 /usr/lib/gcc/arm-linux-gnueabihf/4.6/../../../arm-linux-gnueabihf/crt1.o /usr/lib/gcc/arm-linux-gnueabihf/4.6/../../../arm-linux-gnueabihf/crti.o /usr/lib/gcc/arm-linux-gnueabihf/4.6/crtbegin.o -L/usr/lib/gcc/arm-linux-gnueabihf/4.6 -L/usr/lib/gcc/arm-linux-gnueabihf/4.6/../../../arm-linux-gnueabihf -L/usr/lib/gcc/arm-linux-gnueabihf/4.6/../../.. -L/lib/arm-linux-gnueabihf -L/usr/lib/arm-linux-gnueabihf CMakeFiles/cmTryCompileExec3758082516.dir/CMakeCCompilerABI.c.o -lgcc --as-needed -lgcc_s --no-as-needed -lc -lgcc --as-needed -lgcc_s --no-as-needed /usr/lib/gcc/arm-linux-gnueabihf/4.6/crtend.o /usr/lib/gcc/arm-linux-gnueabihf/4.6/../../../arm-linux-gnueabihf/crtn.o]
    arg [/usr/lib/gcc/arm-linux-gnueabihf/4.6/collect2] ==> ignore
    arg [--sysroot=/] ==> ignore
    arg [--build-id] ==> ignore
    arg [--no-add-needed] ==> ignore
    arg [--eh-frame-hdr] ==> ignore
    arg [-export-dynamic] ==> ignore
    arg [-dynamic-linker] ==> ignore
    arg [/lib/ld-linux-armhf.so.3] ==> ignore
    arg [-X] ==> ignore
    arg [--hash-style=both] ==> ignore
    arg [-m] ==> ignore
    arg [armelf_linux_eabi] ==> ignore
    arg [-o] ==> ignore
    arg [cmTryCompileExec3758082516] ==> ignore
    arg [/usr/lib/gcc/arm-linux-gnueabihf/4.6/../../../arm-linux-gnueabihf/crt1.o] ==> ignore
    arg [/usr/lib/gcc/arm-linux-gnueabihf/4.6/../../../arm-linux-gnueabihf/crti.o] ==> ignore
    arg [/usr/lib/gcc/arm-linux-gnueabihf/4.6/crtbegin.o] ==> ignore
    arg [-L/usr/lib/gcc/arm-linux-gnueabihf/4.6] ==> dir [/usr/lib/gcc/arm-linux-gnueabihf/4.6]
    arg [-L/usr/lib/gcc/arm-linux-gnueabihf/4.6/../../../arm-linux-gnueabihf] ==> dir [/usr/lib/gcc/arm-linux-gnueabihf/4.6/../../../arm-linux-gnueabihf]
    arg [-L/usr/lib/gcc/arm-linux-gnueabihf/4.6/../../..] ==> dir [/usr/lib/gcc/arm-linux-gnueabihf/4.6/../../..]
    arg [-L/lib/arm-linux-gnueabihf] ==> dir [/lib/arm-linux-gnueabihf]
    arg [-L/usr/lib/arm-linux-gnueabihf] ==> dir [/usr/lib/arm-linux-gnueabihf]
    arg [CMakeFiles/cmTryCompileExec3758082516.dir/CMakeCCompilerABI.c.o] ==> ignore
    arg [-lgcc] ==> lib [gcc]
    arg [--as-needed] ==> ignore
    arg [-lgcc_s] ==> lib [gcc_s]
    arg [--no-as-needed] ==> ignore
    arg [-lc] ==> lib [c]
    arg [-lgcc] ==> lib [gcc]
    arg [--as-needed] ==> ignore
    arg [-lgcc_s] ==> lib [gcc_s]
    arg [--no-as-needed] ==> ignore
    arg [/usr/lib/gcc/arm-linux-gnueabihf/4.6/crtend.o] ==> ignore
    arg [/usr/lib/gcc/arm-linux-gnueabihf/4.6/../../../arm-linux-gnueabihf/crtn.o] ==> ignore
  remove lib [gcc]
  remove lib [gcc_s]
  remove lib [gcc]
  remove lib [gcc_s]
  collapse dir [/usr/lib/gcc/arm-linux-gnueabihf/4.6] ==> [/usr/lib/gcc/arm-linux-gnueabihf/4.6]
  collapse dir [/usr/lib/gcc/arm-linux-gnueabihf/4.6/../../../arm-linux-gnueabihf] ==> [/usr/lib/arm-linux-gnueabihf]
  collapse dir [/usr/lib/gcc/arm-linux-gnueabihf/4.6/../../..] ==> [/usr/lib]
  collapse dir [/lib/arm-linux-gnueabihf] ==> [/lib/arm-linux-gnueabihf]
  collapse dir [/usr/lib/arm-linux-gnueabihf] ==> [/usr/lib/arm-linux-gnueabihf]
  implicit libs: [c]
  implicit dirs: [/usr/lib/gcc/arm-linux-gnueabihf/4.6;/usr/lib/arm-linux-gnueabihf;/usr/lib;/lib/arm-linux-gnueabihf]


Determining if the CXX compiler works passed with the following output:
Change Dir: /home/pi/hackweek_10/trackbot-0.1/CMakeFiles/CMakeTmp

Run Build Command:/usr/bin/make "cmTryCompileExec335301683/fast"
/usr/bin/make -f CMakeFiles/cmTryCompileExec335301683.dir/build.make CMakeFiles/cmTryCompileExec335301683.dir/build
make[1]: Entering directory `/home/pi/hackweek_10/trackbot-0.1/CMakeFiles/CMakeTmp'
/usr/bin/cmake -E cmake_progress_report /home/pi/hackweek_10/trackbot-0.1/CMakeFiles/CMakeTmp/CMakeFiles 1
Building CXX object CMakeFiles/cmTryCompileExec335301683.dir/testCXXCompiler.cxx.o
/usr/bin/c++     -o CMakeFiles/cmTryCompileExec335301683.dir/testCXXCompiler.cxx.o -c /home/pi/hackweek_10/trackbot-0.1/CMakeFiles/CMakeTmp/testCXXCompiler.cxx
Linking CXX executable cmTryCompileExec335301683
/usr/bin/cmake -E cmake_link_script CMakeFiles/cmTryCompileExec335301683.dir/link.txt --verbose=1
/usr/bin/c++          CMakeFiles/cmTryCompileExec335301683.dir/testCXXCompiler.cxx.o  -o cmTryCompileExec335301683 -rdynamic 
make[1]: Leaving directory `/home/pi/hackweek_10/trackbot-0.1/CMakeFiles/CMakeTmp'


Detecting CXX compiler ABI info compiled with the following output:
Change Dir: /home/pi/hackweek_10/trackbot-0.1/CMakeFiles/CMakeTmp

Run Build Command:/usr/bin/make "cmTryCompileExec2532567758/fast"
/usr/bin/make -f CMakeFiles/cmTryCompileExec2532567758.dir/build.make CMakeFiles/cmTryCompileExec2532567758.dir/build
make[1]: Entering directory `/home/pi/hackweek_10/trackbot-0.1/CMakeFiles/CMakeTmp'
/usr/bin/cmake -E cmake_progress_report /home/pi/hackweek_10/trackbot-0.1/CMakeFiles/CMakeTmp/CMakeFiles 1
Building CXX object CMakeFiles/cmTryCompileExec2532567758.dir/CMakeCXXCompilerABI.cpp.o
/usr/bin/c++     -o CMakeFiles/cmTryCompileExec2532567758.dir/CMakeCXXCompilerABI.cpp.o -c /usr/share/cmake-2.8/Modules/CMakeCXXCompilerABI.cpp
Linking CXX executable cmTryCompileExec2532567758
/usr/bin/cmake -E cmake_link_script CMakeFiles/cmTryCompileExec2532567758.dir/link.txt --verbose=1
/usr/bin/c++        -v CMakeFiles/cmTryCompileExec2532567758.dir/CMakeCXXCompilerABI.cpp.o  -o cmTryCompileExec2532567758 -rdynamic  
Using built-in specs.
COLLECT_GCC=/usr/bin/c++
COLLECT_LTO_WRAPPER=/usr/lib/gcc/arm-linux-gnueabihf/4.6/lto-wrapper
Target: arm-linux-gnueabihf
Configured with: ../src/configure -v --with-pkgversion='Debian 4.6.3-14+rpi1' --with-bugurl=file:///usr/share/doc/gcc-4.6/README.Bugs --enable-languages=c,c++,fortran,objc,obj-c++ --prefix=/usr --program-suffix=-4.6 --enable-shared --enable-linker-build-id --with-system-zlib --libexecdir=/usr/lib --without-included-gettext --enable-threads=posix --with-gxx-include-dir=/usr/include/c++/4.6 --libdir=/usr/lib --enable-nls --with-sysroot=/ --enable-clocale=gnu --enable-libstdcxx-debug --enable-libstdcxx-time=yes --enable-gnu-unique-object --enable-plugin --enable-objc-gc --disable-sjlj-exceptions --with-arch=armv6 --with-fpu=vfp --with-float=hard --enable-checking=release --build=arm-linux-gnueabihf --host=arm-linux-gnueabihf --target=arm-linux-gnueabihf
Thread model: posix
gcc version 4.6.3 (Debian 4.6.3-14+rpi1) 
COMPILER_PATH=/usr/lib/gcc/arm-linux-gnueabihf/4.6/:/usr/lib/gcc/arm-linux-gnueabihf/4.6/:/usr/lib/gcc/arm-linux-gnueabihf/:/usr/lib/gcc/arm-linux-gnueabihf/4.6/:/usr/lib/gcc/arm-linux-gnueabihf/
LIBRARY_PATH=/usr/lib/gcc/arm-linux-gnueabihf/4.6/:/usr/lib/gcc/arm-linux-gnueabihf/4.6/../../../arm-linux-gnueabihf/:/usr/lib/gcc/arm-linux-gnueabihf/4.6/../../../:/lib/arm-linux-gnueabihf/:/lib/:/usr/lib/arm-linux-gnueabihf/:/usr/lib/
COLLECT_GCC_OPTIONS='-v' '-o' 'cmTryCompileExec2532567758' '-rdynamic' '-shared-libgcc' '-march=armv6' '-mfloat-abi=hard' '-mfpu=vfp'
 /usr/lib/gcc/arm-linux-gnueabihf/4.6/collect2 --sysroot=/ --build-id --no-add-needed --eh-frame-hdr -export-dynamic -dynamic-linker /lib/ld-linux-armhf.so.3 -X --hash-style=both -m armelf_linux_eabi -o cmTryCompileExec2532567758 /usr/lib/gcc/arm-linux-gnueabihf/4.6/../../../arm-linux-gnueabihf/crt1.o /usr/lib/gcc/arm-linux-gnueabihf/4.6/../../../arm-linux-gnueabihf/crti.o /usr/lib/gcc/arm-linux-gnueabihf/4.6/crtbegin.o -L/usr/lib/gcc/arm-linux-gnueabihf/4.6 -L/usr/lib/gcc/arm-linux-gnueabihf/4.6/../../../arm-linux-gnueabihf -L/usr/lib/gcc/arm-linux-gnueabihf/4.6/../../.. -L/lib/arm-linux-gnueabihf -L/usr/lib/arm-linux-gnueabihf CMakeFiles/cmTryCompileExec2532567758.dir/CMakeCXXCompilerABI.cpp.o -lstdc++ -lm -lgcc_s -lgcc -lc -lgcc_s -lgcc /usr/lib/gcc/arm-linux-gnueabihf/4.6/crtend.o /usr/lib/gcc/arm-linux-gnueabihf/4.6/../../../arm-linux-gnueabihf/crtn.o
make[1]: Leaving directory `/home/pi/hackweek_10/trackbot-0.1/CMakeFiles/CMakeTmp'


Parsed CXX implicit link information from above output:
  link line regex: [^( *|.*[/\])(ld|ld|collect2)[^/\]*( |$)]
  ignore line: [Change Dir: /home/pi/hackweek_10/trackbot-0.1/CMakeFiles/CMakeTmp]
  ignore line: []
  ignore line: [Run Build Command:/usr/bin/make "cmTryCompileExec2532567758/fast"]
  ignore line: [/usr/bin/make -f CMakeFiles/cmTryCompileExec2532567758.dir/build.make CMakeFiles/cmTryCompileExec2532567758.dir/build]
  ignore line: [make[1]: Entering directory `/home/pi/hackweek_10/trackbot-0.1/CMakeFiles/CMakeTmp']
  ignore line: [/usr/bin/cmake -E cmake_progress_report /home/pi/hackweek_10/trackbot-0.1/CMakeFiles/CMakeTmp/CMakeFiles 1]
  ignore line: [Building CXX object CMakeFiles/cmTryCompileExec2532567758.dir/CMakeCXXCompilerABI.cpp.o]
  ignore line: [/usr/bin/c++     -o CMakeFiles/cmTryCompileExec2532567758.dir/CMakeCXXCompilerABI.cpp.o -c /usr/share/cmake-2.8/Modules/CMakeCXXCompilerABI.cpp]
  ignore line: [Linking CXX executable cmTryCompileExec2532567758]
  ignore line: [/usr/bin/cmake -E cmake_link_script CMakeFiles/cmTryCompileExec2532567758.dir/link.txt --verbose=1]
  ignore line: [/usr/bin/c++        -v CMakeFiles/cmTryCompileExec2532567758.dir/CMakeCXXCompilerABI.cpp.o  -o cmTryCompileExec2532567758 -rdynamic  ]
  ignore line: [Using built-in specs.]
  ignore line: [COLLECT_GCC=/usr/bin/c++]
  ignore line: [COLLECT_LTO_WRAPPER=/usr/lib/gcc/arm-linux-gnueabihf/4.6/lto-wrapper]
  ignore line: [Target: arm-linux-gnueabihf]
  ignore line: [Configured with: ../src/configure -v --with-pkgversion='Debian 4.6.3-14+rpi1' --with-bugurl=file:///usr/share/doc/gcc-4.6/README.Bugs --enable-languages=c,c++,fortran,objc,obj-c++ --prefix=/usr --program-suffix=-4.6 --enable-shared --enable-linker-build-id --with-system-zlib --libexecdir=/usr/lib --without-included-gettext --enable-threads=posix --with-gxx-include-dir=/usr/include/c++/4.6 --libdir=/usr/lib --enable-nls --with-sysroot=/ --enable-clocale=gnu --enable-libstdcxx-debug --enable-libstdcxx-time=yes --enable-gnu-unique-object --enable-plugin --enable-objc-gc --disable-sjlj-exceptions --with-arch=armv6 --with-fpu=vfp --with-float=hard --enable-checking=release --build=arm-linux-gnueabihf --host=arm-linux-gnueabihf --target=arm-linux-gnueabihf]
  ignore line: [Thread model: posix]
  ignore line: [gcc version 4.6.3 (Debian 4.6.3-14+rpi1) ]
  ignore line: [COMPILER_PATH=/usr/lib/gcc/arm-linux-gnueabihf/4.6/:/usr/lib/gcc/arm-linux-gnueabihf/4.6/:/usr/lib/gcc/arm-linux-gnueabihf/:/usr/lib/gcc/arm-linux-gnueabihf/4.6/:/usr/lib/gcc/arm-linux-gnueabihf/]
  ignore line: [LIBRARY_PATH=/usr/lib/gcc/arm-linux-gnueabihf/4.6/:/usr/lib/gcc/arm-linux-gnueabihf/4.6/../../../arm-linux-gnueabihf/:/usr/lib/gcc/arm-linux-gnueabihf/4.6/../../../:/lib/arm-linux-gnueabihf/:/lib/:/usr/lib/arm-linux-gnueabihf/:/usr/lib/]
  ignore line: [COLLECT_GCC_OPTIONS='-v' '-o' 'cmTryCompileExec2532567758' '-rdynamic' '-shared-libgcc' '-march=armv6' '-mfloat-abi=hard' '-mfpu=vfp']
  link line: [ /usr/lib/gcc/arm-linux-gnueabihf/4.6/collect2 --sysroot=/ --build-id --no-add-needed --eh-frame-hdr -export-dynamic -dynamic-linker /lib/ld-linux-armhf.so.3 -X --hash-style=both -m armelf_linux_eabi -o cmTryCompileExec2532567758 /usr/lib/gcc/arm-linux-gnueabihf/4.6/../../../arm-linux-gnueabihf/crt1.o /usr/lib/gcc/arm-linux-gnueabihf/4.6/../../../arm-linux-gnueabihf/crti.o /usr/lib/gcc/arm-linux-gnueabihf/4.6/crtbegin.o -L/usr/lib/gcc/arm-linux-gnueabihf/4.6 -L/usr/lib/gcc/arm-linux-gnueabihf/4.6/../../../arm-linux-gnueabihf -L/usr/lib/gcc/arm-linux-gnueabihf/4.6/../../.. -L/lib/arm-linux-gnueabihf -L/usr/lib/arm-linux-gnueabihf CMakeFiles/cmTryCompileExec2532567758.dir/CMakeCXXCompilerABI.cpp.o -lstdc++ -lm -lgcc_s -lgcc -lc -lgcc_s -lgcc /usr/lib/gcc/arm-linux-gnueabihf/4.6/crtend.o /usr/lib/gcc/arm-linux-gnueabihf/4.6/../../../arm-linux-gnueabihf/crtn.o]
    arg [/usr/lib/gcc/arm-linux-gnueabihf/4.6/collect2] ==> ignore
    arg [--sysroot=/] ==> ignore
    arg [--build-id] ==> ignore
    arg [--no-add-needed] ==> ignore
    arg [--eh-frame-hdr] ==> ignore
    arg [-export-dynamic] ==> ignore
    arg [-dynamic-linker] ==> ignore
    arg [/lib/ld-linux-armhf.so.3] ==> ignore
    arg [-X] ==> ignore
    arg [--hash-style=both] ==> ignore
    arg [-m] ==> ignore
    arg [armelf_linux_eabi] ==> ignore
    arg [-o] ==> ignore
    arg [cmTryCompileExec2532567758] ==> ignore
    arg [/usr/lib/gcc/arm-linux-gnueabihf/4.6/../../../arm-linux-gnueabihf/crt1.o] ==> ignore
    arg [/usr/lib/gcc/arm-linux-gnueabihf/4.6/../../../arm-linux-gnueabihf/crti.o] ==> ignore
    arg [/usr/lib/gcc/arm-linux-gnueabihf/4.6/crtbegin.o] ==> ignore
    arg [-L/usr/lib/gcc/arm-linux-gnueabihf/4.6] ==> dir [/usr/lib/gcc/arm-linux-gnueabihf/4.6]
    arg [-L/usr/lib/gcc/arm-linux-gnueabihf/4.6/../../../arm-linux-gnueabihf] ==> dir [/usr/lib/gcc/arm-linux-gnueabihf/4.6/../../../arm-linux-gnueabihf]
    arg [-L/usr/lib/gcc/arm-linux-gnueabihf/4.6/../../..] ==> dir [/usr/lib/gcc/arm-linux-gnueabihf/4.6/../../..]
    arg [-L/lib/arm-linux-gnueabihf] ==> dir [/lib/arm-linux-gnueabihf]
    arg [-L/usr/lib/arm-linux-gnueabihf] ==> dir [/usr/lib/arm-linux-gnueabihf]
    arg [CMakeFiles/cmTryCompileExec2532567758.dir/CMakeCXXCompilerABI.cpp.o] ==> ignore
    arg [-lstdc++] ==> lib [stdc++]
    arg [-lm] ==> lib [m]
    arg [-lgcc_s] ==> lib [gcc_s]
    arg [-lgcc] ==> lib [gcc]
    arg [-lc] ==> lib [c]
    arg [-lgcc_s] ==> lib [gcc_s]
    arg [-lgcc] ==> lib [gcc]
    arg [/usr/lib/gcc/arm-linux-gnueabihf/4.6/crtend.o] ==> ignore
    arg [/usr/lib/gcc/arm-linux-gnueabihf/4.6/../../../arm-linux-gnueabihf/crtn.o] ==> ignore
  remove lib [gcc_s]
  remove lib [gcc]
  remove lib [gcc_s]
  remove lib [gcc]
  collapse dir [/usr/lib/gcc/arm-linux-gnueabihf/4.6] ==> [/usr/lib/gcc/arm-linux-gnueabihf/4.6]
  collapse dir [/usr/lib/gcc/arm-linux-gnueabihf/4.6/../../../arm-linux-gnueabihf] ==> [/usr/lib/arm-linux-gnueabihf]
  collapse dir [/usr/lib/gcc/arm-linux-gnueabihf/4.6/../../..] ==> [/usr/lib]
  collapse dir [/lib/arm-linux-gnueabihf] ==> [/lib/arm-linux-gnueabihf]
  collapse dir [/usr/lib/arm-linux-gnueabihf] ==> [/usr/lib/arm-linux-gnueabihf]
  implicit libs: [stdc++;m;c]
  implicit dirs: [/usr/lib/gcc/arm-linux-gnueabihf/4.6;/usr/lib/arm-linux-gnueabihf;/usr/lib;/lib/arm-linux-gnueabihf]


The system is: Linux - 3.7.10-1.16-desktop - x86_64
Compiling the C compiler identification source file "CMakeCCompilerId.c" succeeded.
Compiler: /usr/bin/cc 
Build flags: 
Id flags: 

The output was:
0


Compilation of the C compiler identification source "CMakeCCompilerId.c" produced "a.out"

The C compiler identification is GNU, found in "/home/tux/hackweek_10/trackbot-0.1/CMakeFiles/2.8.11.2/CompilerIdC/a.out"

Compiling the CXX compiler identification source file "CMakeCXXCompilerId.cpp" succeeded.
Compiler: /usr/bin/c++ 
Build flags: 
Id flags: 

The output was:
0


Compilation of the CXX compiler identification source "CMakeCXXCompilerId.cpp" produced "a.out"

The CXX compiler identification is GNU, found in "/home/tux/hackweek_10/trackbot-0.1/CMakeFiles/2.8.11.2/CompilerIdCXX/a.out"

Determining if the C compiler works passed with the following output:
Change Dir: /home/tux/hackweek_10/trackbot-0.1/CMakeFiles/CMakeTmp

Run Build Command:/usr/bin/gmake "cmTryCompileExec2056107534/fast"
/usr/bin/gmake -f CMakeFiles/cmTryCompileExec2056107534.dir/build.make CMakeFiles/cmTryCompileExec2056107534.dir/build
gmake[1]: Entering directory `/home/tux/hackweek_10/trackbot-0.1/CMakeFiles/CMakeTmp'
/usr/bin/cmake -E cmake_progress_report /home/tux/hackweek_10/trackbot-0.1/CMakeFiles/CMakeTmp/CMakeFiles 1
Building C object CMakeFiles/cmTryCompileExec2056107534.dir/testCCompiler.c.o
/usr/bin/cc    -o CMakeFiles/cmTryCompileExec2056107534.dir/testCCompiler.c.o   -c /home/tux/hackweek_10/trackbot-0.1/CMakeFiles/CMakeTmp/testCCompiler.c
Linking C executable cmTryCompileExec2056107534
/usr/bin/cmake -E cmake_link_script CMakeFiles/cmTryCompileExec2056107534.dir/link.txt --verbose=1
/usr/bin/cc         CMakeFiles/cmTryCompileExec2056107534.dir/testCCompiler.c.o  -o cmTryCompileExec2056107534 -rdynamic 
gmake[1]: Leaving directory `/home/tux/hackweek_10/trackbot-0.1/CMakeFiles/CMakeTmp'


Detecting C compiler ABI info compiled with the following output:
Change Dir: /home/tux/hackweek_10/trackbot-0.1/CMakeFiles/CMakeTmp

Run Build Command:/usr/bin/gmake "cmTryCompileExec4180891162/fast"
/usr/bin/gmake -f CMakeFiles/cmTryCompileExec4180891162.dir/build.make CMakeFiles/cmTryCompileExec4180891162.dir/build
gmake[1]: Entering directory `/home/tux/hackweek_10/trackbot-0.1/CMakeFiles/CMakeTmp'
/usr/bin/cmake -E cmake_progress_report /home/tux/hackweek_10/trackbot-0.1/CMakeFiles/CMakeTmp/CMakeFiles 1
Building C object CMakeFiles/cmTryCompileExec4180891162.dir/CMakeCCompilerABI.c.o
/usr/bin/cc    -o CMakeFiles/cmTryCompileExec4180891162.dir/CMakeCCompilerABI.c.o   -c /usr/share/cmake-2.8/Modules/CMakeCCompilerABI.c
Linking C executable cmTryCompileExec4180891162
/usr/bin/cmake -E cmake_link_script CMakeFiles/cmTryCompileExec4180891162.dir/link.txt --verbose=1
/usr/bin/cc       -v CMakeFiles/cmTryCompileExec4180891162.dir/CMakeCCompilerABI.c.o  -o cmTryCompileExec4180891162 -rdynamic  
Using built-in specs.
COLLECT_GCC=/usr/bin/cc
COLLECT_LTO_WRAPPER=/usr/lib64/gcc/x86_64-suse-linux/4.7/lto-wrapper
Target: x86_64-suse-linux
Configured with: ../configure --prefix=/usr --infodir=/usr/share/info --mandir=/usr/share/man --libdir=/usr/lib64 --libexecdir=/usr/lib64 --enable-languages=c,c++,objc,fortran,obj-c++,java,ada --enable-checking=release --with-gxx-include-dir=/usr/include/c++/4.7 --enable-ssp --disable-libssp --disable-libitm --disable-plugin --with-bugurl=http://bugs.opensuse.org/ --with-pkgversion='SUSE Linux' --disable-libgcj --disable-libmudflap --with-slibdir=/lib64 --with-system-zlib --enable-__cxa_atexit --enable-libstdcxx-allocator=new --disable-libstdcxx-pch --enable-version-specific-runtime-libs --enable-linker-build-id --program-suffix=-4.7 --enable-linux-futex --without-system-libunwind --with-arch-32=i586 --with-tune=generic --build=x86_64-suse-linux
Thread model: posix
gcc version 4.7.2 20130108 [gcc-4_7-branch revision 195012] (SUSE Linux) 
COMPILER_PATH=/usr/lib64/gcc/x86_64-suse-linux/4.7/:/usr/lib64/gcc/x86_64-suse-linux/4.7/:/usr/lib64/gcc/x86_64-suse-linux/:/usr/lib64/gcc/x86_64-suse-linux/4.7/:/usr/lib64/gcc/x86_64-suse-linux/:/usr/lib64/gcc/x86_64-suse-linux/4.7/../../../../x86_64-suse-linux/bin/
LIBRARY_PATH=/usr/lib64/gcc/x86_64-suse-linux/4.7/:/usr/lib64/gcc/x86_64-suse-linux/4.7/../../../../lib64/:/lib/../lib64/:/usr/lib/../lib64/:/usr/lib64/gcc/x86_64-suse-linux/4.7/../../../../x86_64-suse-linux/lib/:/usr/lib64/gcc/x86_64-suse-linux/4.7/../../../:/lib/:/usr/lib/
COLLECT_GCC_OPTIONS='-v' '-o' 'cmTryCompileExec4180891162' '-rdynamic' '-mtune=generic' '-march=x86-64'
 /usr/lib64/gcc/x86_64-suse-linux/4.7/collect2 --build-id --eh-frame-hdr -m elf_x86_64 -export-dynamic -dynamic-linker /lib64/ld-linux-x86-64.so.2 -o cmTryCompileExec4180891162 /usr/lib64/gcc/x86_64-suse-linux/4.7/../../../../lib64/crt1.o /usr/lib64/gcc/x86_64-suse-linux/4.7/../../../../lib64/crti.o /usr/lib64/gcc/x86_64-suse-linux/4.7/crtbegin.o -L/usr/lib64/gcc/x86_64-suse-linux/4.7 -L/usr/lib64/gcc/x86_64-suse-linux/4.7/../../../../lib64 -L/lib/../lib64 -L/usr/lib/../lib64 -L/usr/lib64/gcc/x86_64-suse-linux/4.7/../../../../x86_64-suse-linux/lib -L/usr/lib64/gcc/x86_64-suse-linux/4.7/../../.. CMakeFiles/cmTryCompileExec4180891162.dir/CMakeCCompilerABI.c.o -lgcc --as-needed -lgcc_s --no-as-needed -lc -lgcc --as-needed -lgcc_s --no-as-needed /usr/lib64/gcc/x86_64-suse-linux/4.7/crtend.o /usr/lib64/gcc/x86_64-suse-linux/4.7/../../../../lib64/crtn.o
gmake[1]: Leaving directory `/home/tux/hackweek_10/trackbot-0.1/CMakeFiles/CMakeTmp'


Parsed C implicit link information from above output:
  link line regex: [^( *|.*[/\])(ld|ld|collect2)[^/\]*( |$)]
  ignore line: [Change Dir: /home/tux/hackweek_10/trackbot-0.1/CMakeFiles/CMakeTmp]
  ignore line: []
  ignore line: [Run Build Command:/usr/bin/gmake "cmTryCompileExec4180891162/fast"]
  ignore line: [/usr/bin/gmake -f CMakeFiles/cmTryCompileExec4180891162.dir/build.make CMakeFiles/cmTryCompileExec4180891162.dir/build]
  ignore line: [gmake[1]: Entering directory `/home/tux/hackweek_10/trackbot-0.1/CMakeFiles/CMakeTmp']
  ignore line: [/usr/bin/cmake -E cmake_progress_report /home/tux/hackweek_10/trackbot-0.1/CMakeFiles/CMakeTmp/CMakeFiles 1]
  ignore line: [Building C object CMakeFiles/cmTryCompileExec4180891162.dir/CMakeCCompilerABI.c.o]
  ignore line: [/usr/bin/cc    -o CMakeFiles/cmTryCompileExec4180891162.dir/CMakeCCompilerABI.c.o   -c /usr/share/cmake-2.8/Modules/CMakeCCompilerABI.c]
  ignore line: [Linking C executable cmTryCompileExec4180891162]
  ignore line: [/usr/bin/cmake -E cmake_link_script CMakeFiles/cmTryCompileExec4180891162.dir/link.txt --verbose=1]
  ignore line: [/usr/bin/cc       -v CMakeFiles/cmTryCompileExec4180891162.dir/CMakeCCompilerABI.c.o  -o cmTryCompileExec4180891162 -rdynamic  ]
  ignore line: [Using built-in specs.]
  ignore line: [COLLECT_GCC=/usr/bin/cc]
  ignore line: [COLLECT_LTO_WRAPPER=/usr/lib64/gcc/x86_64-suse-linux/4.7/lto-wrapper]
  ignore line: [Target: x86_64-suse-linux]
  ignore line: [Configured with: ../configure --prefix=/usr --infodir=/usr/share/info --mandir=/usr/share/man --libdir=/usr/lib64 --libexecdir=/usr/lib64 --enable-languages=c,c++,objc,fortran,obj-c++,java,ada --enable-checking=release --with-gxx-include-dir=/usr/include/c++/4.7 --enable-ssp --disable-libssp --disable-libitm --disable-plugin --with-bugurl=http://bugs.opensuse.org/ --with-pkgversion='SUSE Linux' --disable-libgcj --disable-libmudflap --with-slibdir=/lib64 --with-system-zlib --enable-__cxa_atexit --enable-libstdcxx-allocator=new --disable-libstdcxx-pch --enable-version-specific-runtime-libs --enable-linker-build-id --program-suffix=-4.7 --enable-linux-futex --without-system-libunwind --with-arch-32=i586 --with-tune=generic --build=x86_64-suse-linux]
  ignore line: [Thread model: posix]
  ignore line: [gcc version 4.7.2 20130108 [gcc-4_7-branch revision 195012] (SUSE Linux) ]
  ignore line: [COMPILER_PATH=/usr/lib64/gcc/x86_64-suse-linux/4.7/:/usr/lib64/gcc/x86_64-suse-linux/4.7/:/usr/lib64/gcc/x86_64-suse-linux/:/usr/lib64/gcc/x86_64-suse-linux/4.7/:/usr/lib64/gcc/x86_64-suse-linux/:/usr/lib64/gcc/x86_64-suse-linux/4.7/../../../../x86_64-suse-linux/bin/]
  ignore line: [LIBRARY_PATH=/usr/lib64/gcc/x86_64-suse-linux/4.7/:/usr/lib64/gcc/x86_64-suse-linux/4.7/../../../../lib64/:/lib/../lib64/:/usr/lib/../lib64/:/usr/lib64/gcc/x86_64-suse-linux/4.7/../../../../x86_64-suse-linux/lib/:/usr/lib64/gcc/x86_64-suse-linux/4.7/../../../:/lib/:/usr/lib/]
  ignore line: [COLLECT_GCC_OPTIONS='-v' '-o' 'cmTryCompileExec4180891162' '-rdynamic' '-mtune=generic' '-march=x86-64']
  link line: [ /usr/lib64/gcc/x86_64-suse-linux/4.7/collect2 --build-id --eh-frame-hdr -m elf_x86_64 -export-dynamic -dynamic-linker /lib64/ld-linux-x86-64.so.2 -o cmTryCompileExec4180891162 /usr/lib64/gcc/x86_64-suse-linux/4.7/../../../../lib64/crt1.o /usr/lib64/gcc/x86_64-suse-linux/4.7/../../../../lib64/crti.o /usr/lib64/gcc/x86_64-suse-linux/4.7/crtbegin.o -L/usr/lib64/gcc/x86_64-suse-linux/4.7 -L/usr/lib64/gcc/x86_64-suse-linux/4.7/../../../../lib64 -L/lib/../lib64 -L/usr/lib/../lib64 -L/usr/lib64/gcc/x86_64-suse-linux/4.7/../../../../x86_64-suse-linux/lib -L/usr/lib64/gcc/x86_64-suse-linux/4.7/../../.. CMakeFiles/cmTryCompileExec4180891162.dir/CMakeCCompilerABI.c.o -lgcc --as-needed -lgcc_s --no-as-needed -lc -lgcc --as-needed -lgcc_s --no-as-needed /usr/lib64/gcc/x86_64-suse-linux/4.7/crtend.o /usr/lib64/gcc/x86_64-suse-linux/4.7/../../../../lib64/crtn.o]
    arg [/usr/lib64/gcc/x86_64-suse-linux/4.7/collect2] ==> ignore
    arg [--build-id] ==> ignore
    arg [--eh-frame-hdr] ==> ignore
    arg [-m] ==> ignore
    arg [elf_x86_64] ==> ignore
    arg [-export-dynamic] ==> ignore
    arg [-dynamic-linker] ==> ignore
    arg [/lib64/ld-linux-x86-64.so.2] ==> ignore
    arg [-o] ==> ignore
    arg [cmTryCompileExec4180891162] ==> ignore
    arg [/usr/lib64/gcc/x86_64-suse-linux/4.7/../../../../lib64/crt1.o] ==> ignore
    arg [/usr/lib64/gcc/x86_64-suse-linux/4.7/../../../../lib64/crti.o] ==> ignore
    arg [/usr/lib64/gcc/x86_64-suse-linux/4.7/crtbegin.o] ==> ignore
    arg [-L/usr/lib64/gcc/x86_64-suse-linux/4.7] ==> dir [/usr/lib64/gcc/x86_64-suse-linux/4.7]
    arg [-L/usr/lib64/gcc/x86_64-suse-linux/4.7/../../../../lib64] ==> dir [/usr/lib64/gcc/x86_64-suse-linux/4.7/../../../../lib64]
    arg [-L/lib/../lib64] ==> dir [/lib/../lib64]
    arg [-L/usr/lib/../lib64] ==> dir [/usr/lib/../lib64]
    arg [-L/usr/lib64/gcc/x86_64-suse-linux/4.7/../../../../x86_64-suse-linux/lib] ==> dir [/usr/lib64/gcc/x86_64-suse-linux/4.7/../../../../x86_64-suse-linux/lib]
    arg [-L/usr/lib64/gcc/x86_64-suse-linux/4.7/../../..] ==> dir [/usr/lib64/gcc/x86_64-suse-linux/4.7/../../..]
    arg [CMakeFiles/cmTryCompileExec4180891162.dir/CMakeCCompilerABI.c.o] ==> ignore
    arg [-lgcc] ==> lib [gcc]
    arg [--as-needed] ==> ignore
    arg [-lgcc_s] ==> lib [gcc_s]
    arg [--no-as-needed] ==> ignore
    arg [-lc] ==> lib [c]
    arg [-lgcc] ==> lib [gcc]
    arg [--as-needed] ==> ignore
    arg [-lgcc_s] ==> lib [gcc_s]
    arg [--no-as-needed] ==> ignore
    arg [/usr/lib64/gcc/x86_64-suse-linux/4.7/crtend.o] ==> ignore
    arg [/usr/lib64/gcc/x86_64-suse-linux/4.7/../../../../lib64/crtn.o] ==> ignore
  remove lib [gcc]
  remove lib [gcc_s]
  remove lib [gcc]
  remove lib [gcc_s]
  collapse library dir [/usr/lib64/gcc/x86_64-suse-linux/4.7] ==> [/usr/lib64/gcc/x86_64-suse-linux/4.7]
  collapse library dir [/usr/lib64/gcc/x86_64-suse-linux/4.7/../../../../lib64] ==> [/usr/lib64]
  collapse library dir [/lib/../lib64] ==> [/lib64]
  collapse library dir [/usr/lib/../lib64] ==> [/usr/lib64]
  collapse library dir [/usr/lib64/gcc/x86_64-suse-linux/4.7/../../../../x86_64-suse-linux/lib] ==> [/usr/x86_64-suse-linux/lib]
  collapse library dir [/usr/lib64/gcc/x86_64-suse-linux/4.7/../../..] ==> [/usr/lib64]
  implicit libs: [c]
  implicit dirs: [/usr/lib64/gcc/x86_64-suse-linux/4.7;/usr/lib64;/lib64;/usr/x86_64-suse-linux/lib]
  implicit fwks: []


Determining if the CXX compiler works passed with the following output:
Change Dir: /home/tux/hackweek_10/trackbot-0.1/CMakeFiles/CMakeTmp

Run Build Command:/usr/bin/gmake "cmTryCompileExec3921256880/fast"
/usr/bin/gmake -f CMakeFiles/cmTryCompileExec3921256880.dir/build.make CMakeFiles/cmTryCompileExec3921256880.dir/build
gmake[1]: Entering directory `/home/tux/hackweek_10/trackbot-0.1/CMakeFiles/CMakeTmp'
/usr/bin/cmake -E cmake_progress_report /home/tux/hackweek_10/trackbot-0.1/CMakeFiles/CMakeTmp/CMakeFiles 1
Building CXX object CMakeFiles/cmTryCompileExec3921256880.dir/testCXXCompiler.cxx.o
/usr/bin/c++     -o CMakeFiles/cmTryCompileExec3921256880.dir/testCXXCompiler.cxx.o -c /home/tux/hackweek_10/trackbot-0.1/CMakeFiles/CMakeTmp/testCXXCompiler.cxx
Linking CXX executable cmTryCompileExec3921256880
/usr/bin/cmake -E cmake_link_script CMakeFiles/cmTryCompileExec3921256880.dir/link.txt --verbose=1
/usr/bin/c++          CMakeFiles/cmTryCompileExec3921256880.dir/testCXXCompiler.cxx.o  -o cmTryCompileExec3921256880 -rdynamic 
gmake[1]: Leaving directory `/home/tux/hackweek_10/trackbot-0.1/CMakeFiles/CMakeTmp'


Detecting CXX compiler ABI info compiled with the following output:
Change Dir: /home/tux/hackweek_10/trackbot-0.1/CMakeFiles/CMakeTmp

Run Build Command:/usr/bin/gmake "cmTryCompileExec2347651324/fast"
/usr/bin/gmake -f CMakeFiles/cmTryCompileExec2347651324.dir/build.make CMakeFiles/cmTryCompileExec2347651324.dir/build
gmake[1]: Entering directory `/home/tux/hackweek_10/trackbot-0.1/CMakeFiles/CMakeTmp'
/usr/bin/cmake -E cmake_progress_report /home/tux/hackweek_10/trackbot-0.1/CMakeFiles/CMakeTmp/CMakeFiles 1
Building CXX object CMakeFiles/cmTryCompileExec2347651324.dir/CMakeCXXCompilerABI.cpp.o
/usr/bin/c++     -o CMakeFiles/cmTryCompileExec2347651324.dir/CMakeCXXCompilerABI.cpp.o -c /usr/share/cmake-2.8/Modules/CMakeCXXCompilerABI.cpp
Linking CXX executable cmTryCompileExec2347651324
/usr/bin/cmake -E cmake_link_script CMakeFiles/cmTryCompileExec2347651324.dir/link.txt --verbose=1
/usr/bin/c++        -v CMakeFiles/cmTryCompileExec2347651324.dir/CMakeCXXCompilerABI.cpp.o  -o cmTryCompileExec2347651324 -rdynamic  
Using built-in specs.
COLLECT_GCC=/usr/bin/c++
COLLECT_LTO_WRAPPER=/usr/lib64/gcc/x86_64-suse-linux/4.7/lto-wrapper
Target: x86_64-suse-linux
Configured with: ../configure --prefix=/usr --infodir=/usr/share/info --mandir=/usr/share/man --libdir=/usr/lib64 --libexecdir=/usr/lib64 --enable-languages=c,c++,objc,fortran,obj-c++,java,ada --enable-checking=release --with-gxx-include-dir=/usr/include/c++/4.7 --enable-ssp --disable-libssp --disable-libitm --disable-plugin --with-bugurl=http://bugs.opensuse.org/ --with-pkgversion='SUSE Linux' --disable-libgcj --disable-libmudflap --with-slibdir=/lib64 --with-system-zlib --enable-__cxa_atexit --enable-libstdcxx-allocator=new --disable-libstdcxx-pch --enable-version-specific-runtime-libs --enable-linker-build-id --program-suffix=-4.7 --enable-linux-futex --without-system-libunwind --with-arch-32=i586 --with-tune=generic --build=x86_64-suse-linux
Thread model: posix
gcc version 4.7.2 20130108 [gcc-4_7-branch revision 195012] (SUSE Linux) 
COMPILER_PATH=/usr/lib64/gcc/x86_64-suse-linux/4.7/:/usr/lib64/gcc/x86_64-suse-linux/4.7/:/usr/lib64/gcc/x86_64-suse-linux/:/usr/lib64/gcc/x86_64-suse-linux/4.7/:/usr/lib64/gcc/x86_64-suse-linux/:/usr/lib64/gcc/x86_64-suse-linux/4.7/../../../../x86_64-suse-linux/bin/
LIBRARY_PATH=/usr/lib64/gcc/x86_64-suse-linux/4.7/:/usr/lib64/gcc/x86_64-suse-linux/4.7/../../../../lib64/:/lib/../lib64/:/usr/lib/../lib64/:/usr/lib64/gcc/x86_64-suse-linux/4.7/../../../../x86_64-suse-linux/lib/:/usr/lib64/gcc/x86_64-suse-linux/4.7/../../../:/lib/:/usr/lib/
COLLECT_GCC_OPTIONS='-v' '-o' 'cmTryCompileExec2347651324' '-rdynamic' '-shared-libgcc' '-mtune=generic' '-march=x86-64'
 /usr/lib64/gcc/x86_64-suse-linux/4.7/collect2 --build-id --eh-frame-hdr -m elf_x86_64 -export-dynamic -dynamic-linker /lib64/ld-linux-x86-64.so.2 -o cmTryCompileExec2347651324 /usr/lib64/gcc/x86_64-suse-linux/4.7/../../../../lib64/crt1.o /usr/lib64/gcc/x86_64-suse-linux/4.7/../../../../lib64/crti.o /usr/lib64/gcc/x86_64-suse-linux/4.7/crtbegin.o -L/usr/lib64/gcc/x86_64-suse-linux/4.7 -L/usr/lib64/gcc/x86_64-suse-linux/4.7/../../../../lib64 -L/lib/../lib64 -L/usr/lib/../lib64 -L/usr/lib64/gcc/x86_64-suse-linux/4.7/../../../../x86_64-suse-linux/lib -L/usr/lib64/gcc/x86_64-suse-linux/4.7/../../.. CMakeFiles/cmTryCompileExec2347651324.dir/CMakeCXXCompilerABI.cpp.o -lstdc++ -lm -lgcc_s -lgcc -lc -lgcc_s -lgcc /usr/lib64/gcc/x86_64-suse-linux/4.7/crtend.o /usr/lib64/gcc/x86_64-suse-linux/4.7/../../../../lib64/crtn.o
gmake[1]: Leaving directory `/home/tux/hackweek_10/trackbot-0.1/CMakeFiles/CMakeTmp'


Parsed CXX implicit link information from above output:
  link line regex: [^( *|.*[/\])(ld|ld|collect2)[^/\]*( |$)]
  ignore line: [Change Dir: /home/tux/hackweek_10/trackbot-0.1/CMakeFiles/CMakeTmp]
  ignore line: []
  ignore line: [Run Build Command:/usr/bin/gmake "cmTryCompileExec2347651324/fast"]
  ignore line: [/usr/bin/gmake -f CMakeFiles/cmTryCompileExec2347651324.dir/build.make CMakeFiles/cmTryCompileExec2347651324.dir/build]
  ignore line: [gmake[1]: Entering directory `/home/tux/hackweek_10/trackbot-0.1/CMakeFiles/CMakeTmp']
  ignore line: [/usr/bin/cmake -E cmake_progress_report /home/tux/hackweek_10/trackbot-0.1/CMakeFiles/CMakeTmp/CMakeFiles 1]
  ignore line: [Building CXX object CMakeFiles/cmTryCompileExec2347651324.dir/CMakeCXXCompilerABI.cpp.o]
  ignore line: [/usr/bin/c++     -o CMakeFiles/cmTryCompileExec2347651324.dir/CMakeCXXCompilerABI.cpp.o -c /usr/share/cmake-2.8/Modules/CMakeCXXCompilerABI.cpp]
  ignore line: [Linking CXX executable cmTryCompileExec2347651324]
  ignore line: [/usr/bin/cmake -E cmake_link_script CMakeFiles/cmTryCompileExec2347651324.dir/link.txt --verbose=1]
  ignore line: [/usr/bin/c++        -v CMakeFiles/cmTryCompileExec2347651324.dir/CMakeCXXCompilerABI.cpp.o  -o cmTryCompileExec2347651324 -rdynamic  ]
  ignore line: [Using built-in specs.]
  ignore line: [COLLECT_GCC=/usr/bin/c++]
  ignore line: [COLLECT_LTO_WRAPPER=/usr/lib64/gcc/x86_64-suse-linux/4.7/lto-wrapper]
  ignore line: [Target: x86_64-suse-linux]
  ignore line: [Configured with: ../configure --prefix=/usr --infodir=/usr/share/info --mandir=/usr/share/man --libdir=/usr/lib64 --libexecdir=/usr/lib64 --enable-languages=c,c++,objc,fortran,obj-c++,java,ada --enable-checking=release --with-gxx-include-dir=/usr/include/c++/4.7 --enable-ssp --disable-libssp --disable-libitm --disable-plugin --with-bugurl=http://bugs.opensuse.org/ --with-pkgversion='SUSE Linux' --disable-libgcj --disable-libmudflap --with-slibdir=/lib64 --with-system-zlib --enable-__cxa_atexit --enable-libstdcxx-allocator=new --disable-libstdcxx-pch --enable-version-specific-runtime-libs --enable-linker-build-id --program-suffix=-4.7 --enable-linux-futex --without-system-libunwind --with-arch-32=i586 --with-tune=generic --build=x86_64-suse-linux]
  ignore line: [Thread model: posix]
  ignore line: [gcc version 4.7.2 20130108 [gcc-4_7-branch revision 195012] (SUSE Linux) ]
  ignore line: [COMPILER_PATH=/usr/lib64/gcc/x86_64-suse-linux/4.7/:/usr/lib64/gcc/x86_64-suse-linux/4.7/:/usr/lib64/gcc/x86_64-suse-linux/:/usr/lib64/gcc/x86_64-suse-linux/4.7/:/usr/lib64/gcc/x86_64-suse-linux/:/usr/lib64/gcc/x86_64-suse-linux/4.7/../../../../x86_64-suse-linux/bin/]
  ignore line: [LIBRARY_PATH=/usr/lib64/gcc/x86_64-suse-linux/4.7/:/usr/lib64/gcc/x86_64-suse-linux/4.7/../../../../lib64/:/lib/../lib64/:/usr/lib/../lib64/:/usr/lib64/gcc/x86_64-suse-linux/4.7/../../../../x86_64-suse-linux/lib/:/usr/lib64/gcc/x86_64-suse-linux/4.7/../../../:/lib/:/usr/lib/]
  ignore line: [COLLECT_GCC_OPTIONS='-v' '-o' 'cmTryCompileExec2347651324' '-rdynamic' '-shared-libgcc' '-mtune=generic' '-march=x86-64']
  link line: [ /usr/lib64/gcc/x86_64-suse-linux/4.7/collect2 --build-id --eh-frame-hdr -m elf_x86_64 -export-dynamic -dynamic-linker /lib64/ld-linux-x86-64.so.2 -o cmTryCompileExec2347651324 /usr/lib64/gcc/x86_64-suse-linux/4.7/../../../../lib64/crt1.o /usr/lib64/gcc/x86_64-suse-linux/4.7/../../../../lib64/crti.o /usr/lib64/gcc/x86_64-suse-linux/4.7/crtbegin.o -L/usr/lib64/gcc/x86_64-suse-linux/4.7 -L/usr/lib64/gcc/x86_64-suse-linux/4.7/../../../../lib64 -L/lib/../lib64 -L/usr/lib/../lib64 -L/usr/lib64/gcc/x86_64-suse-linux/4.7/../../../../x86_64-suse-linux/lib -L/usr/lib64/gcc/x86_64-suse-linux/4.7/../../.. CMakeFiles/cmTryCompileExec2347651324.dir/CMakeCXXCompilerABI.cpp.o -lstdc++ -lm -lgcc_s -lgcc -lc -lgcc_s -lgcc /usr/lib64/gcc/x86_64-suse-linux/4.7/crtend.o /usr/lib64/gcc/x86_64-suse-linux/4.7/../../../../lib64/crtn.o]
    arg [/usr/lib64/gcc/x86_64-suse-linux/4.7/collect2] ==> ignore
    arg [--build-id] ==> ignore
    arg [--eh-frame-hdr] ==> ignore
    arg [-m] ==> ignore
    arg [elf_x86_64] ==> ignore
    arg [-export-dynamic] ==> ignore
    arg [-dynamic-linker] ==> ignore
    arg [/lib64/ld-linux-x86-64.so.2] ==> ignore
    arg [-o] ==> ignore
    arg [cmTryCompileExec2347651324] ==> ignore
    arg [/usr/lib64/gcc/x86_64-suse-linux/4.7/../../../../lib64/crt1.o] ==> ignore
    arg [/usr/lib64/gcc/x86_64-suse-linux/4.7/../../../../lib64/crti.o] ==> ignore
    arg [/usr/lib64/gcc/x86_64-suse-linux/4.7/crtbegin.o] ==> ignore
    arg [-L/usr/lib64/gcc/x86_64-suse-linux/4.7] ==> dir [/usr/lib64/gcc/x86_64-suse-linux/4.7]
    arg [-L/usr/lib64/gcc/x86_64-suse-linux/4.7/../../../../lib64] ==> dir [/usr/lib64/gcc/x86_64-suse-linux/4.7/../../../../lib64]
    arg [-L/lib/../lib64] ==> dir [/lib/../lib64]
    arg [-L/usr/lib/../lib64] ==> dir [/usr/lib/../lib64]
    arg [-L/usr/lib64/gcc/x86_64-suse-linux/4.7/../../../../x86_64-suse-linux/lib] ==> dir [/usr/lib64/gcc/x86_64-suse-linux/4.7/../../../../x86_64-suse-linux/lib]
    arg [-L/usr/lib64/gcc/x86_64-suse-linux/4.7/../../..] ==> dir [/usr/lib64/gcc/x86_64-suse-linux/4.7/../../..]
    arg [CMakeFiles/cmTryCompileExec2347651324.dir/CMakeCXXCompilerABI.cpp.o] ==> ignore
    arg [-lstdc++] ==> lib [stdc++]
    arg [-lm] ==> lib [m]
    arg [-lgcc_s] ==> lib [gcc_s]
    arg [-lgcc] ==> lib [gcc]
    arg [-lc] ==> lib [c]
    arg [-lgcc_s] ==> lib [gcc_s]
    arg [-lgcc] ==> lib [gcc]
    arg [/usr/lib64/gcc/x86_64-suse-linux/4.7/crtend.o] ==> ignore
    arg [/usr/lib64/gcc/x86_64-suse-linux/4.7/../../../../lib64/crtn.o] ==> ignore
  remove lib [gcc_s]
  remove lib [gcc]
  remove lib [gcc_s]
  remove lib [gcc]
  collapse library dir [/usr/lib64/gcc/x86_64-suse-linux/4.7] ==> [/usr/lib64/gcc/x86_64-suse-linux/4.7]
  collapse library dir [/usr/lib64/gcc/x86_64-suse-linux/4.7/../../../../lib64] ==> [/usr/lib64]
  collapse library dir [/lib/../lib64] ==> [/lib64]
  collapse library dir [/usr/lib/../lib64] ==> [/usr/lib64]
  collapse library dir [/usr/lib64/gcc/x86_64-suse-linux/4.7/../../../../x86_64-suse-linux/lib] ==> [/usr/x86_64-suse-linux/lib]
  collapse library dir [/usr/lib64/gcc/x86_64-suse-linux/4.7/../../..] ==> [/usr/lib64]
  implicit libs: [stdc++;m;c]
  implicit dirs: [/usr/lib64/gcc/x86_64-suse-linux/4.7;/usr/lib64;/lib64;/usr/x86_64-suse-linux/lib]
  implicit fwks: []


